{
  "RSpec": {
    "coverage": {
      "/Users/hiro/.ghq/github.com/elzup/AtColor/app/controllers/application_controller.rb": [
        1,
        1,
        null,
        1,
        null,
        null,
        1,
        1,
        1,
        null,
        null,
        1,
        null,
        null,
        null,
        null,
        1,
        4,
        0,
        null,
        null,
        4,
        1,
        null,
        null,
        3,
        null,
        3,
        3,
        null,
        0,
        null,
        null,
        null,
        1,
        null,
        1,
        3,
        1,
        1,
        null,
        null,
        2,
        2,
        null,
        2,
        2,
        null,
        0,
        null,
        null,
        null,
        null,
        null,
        null,
        1,
        null,
        1,
        null,
        null,
        1,
        1,
        0,
        null,
        null,
        1,
        0,
        null,
        null,
        1,
        0,
        null,
        null,
        null,
        null
      ],
      "/Users/hiro/.ghq/github.com/elzup/AtColor/app/helpers/application_helper.rb": [
        1,
        null
      ],
      "/Users/hiro/.ghq/github.com/elzup/AtColor/app/models/admin_user.rb": [
        1,
        null,
        null,
        1,
        null,
        null,
        null,
        1,
        null,
        null,
        null,
        1,
        null,
        null
      ],
      "/Users/hiro/.ghq/github.com/elzup/AtColor/app/models/application_record.rb": [
        1,
        1,
        null
      ],
      "/Users/hiro/.ghq/github.com/elzup/AtColor/app/admin/dashboard.rb": [
        1,
        null,
        1,
        null,
        1,
        0,
        0,
        0,
        0,
        null,
        null,
        null,
        null,
        null,
        null,
        null,
        null,
        null,
        null,
        null,
        null,
        null,
        null,
        null,
        null,
        null,
        null,
        null,
        null,
        null,
        null,
        null,
        null
      ],
      "/Users/hiro/.ghq/github.com/elzup/AtColor/app/admin/questions.rb": [
        1,
        1,
        null,
        null
      ],
      "/Users/hiro/.ghq/github.com/elzup/AtColor/app/models/question.rb": [
        1,
        1,
        1,
        1,
        null,
        1,
        null,
        1,
        0,
        null,
        null,
        1,
        10,
        10,
        10,
        null,
        10,
        null,
        10,
        10,
        null,
        10,
        null,
        10,
        null,
        null,
        null,
        10,
        10,
        10,
        10,
        null,
        10,
        null,
        null,
        null
      ],
      "/Users/hiro/.ghq/github.com/elzup/AtColor/app/admin/solvings.rb": [
        1,
        1,
        null,
        null
      ],
      "/Users/hiro/.ghq/github.com/elzup/AtColor/app/models/solving.rb": [
        1,
        1,
        1,
        null
      ],
      "/Users/hiro/.ghq/github.com/elzup/AtColor/app/admin/admin_users.rb": [
        1,
        1,
        null,
        1,
        0,
        0,
        0,
        0,
        0,
        0,
        0,
        null,
        null,
        1,
        1,
        1,
        1,
        null,
        1,
        0,
        0,
        0,
        0,
        null,
        0,
        null,
        null,
        null
      ],
      "/Users/hiro/.ghq/github.com/elzup/AtColor/app/admin/pixels.rb": [
        1,
        null,
        null,
        null,
        null,
        null,
        null,
        null,
        null,
        null,
        null,
        null,
        null,
        null,
        null
      ],
      "/Users/hiro/.ghq/github.com/elzup/AtColor/app/models/pixel.rb": [
        1,
        null,
        null
      ],
      "/Users/hiro/.ghq/github.com/elzup/AtColor/app/admin/users.rb": [
        1,
        null,
        null,
        null,
        null,
        null,
        null,
        null,
        null,
        null,
        null,
        null,
        null,
        null,
        null
      ],
      "/Users/hiro/.ghq/github.com/elzup/AtColor/app/models/user.rb": [
        1,
        null,
        null,
        1,
        null,
        1,
        null,
        1,
        1,
        null,
        1,
        1,
        null,
        1,
        1,
        null,
        1,
        1,
        1,
        null,
        1,
        2,
        2,
        null,
        0,
        null,
        null,
        1,
        2,
        null,
        null,
        1,
        16,
        16,
        null,
        null,
        null,
        1,
        36,
        null,
        null,
        1,
        0,
        null,
        null,
        1,
        72,
        null,
        null,
        1,
        4,
        4,
        4,
        4,
        null,
        0,
        null,
        null
      ],
      "/Users/hiro/.ghq/github.com/elzup/AtColor/app/controllers/v1/sessions_controller.rb": [
        1,
        1,
        1,
        1,
        null,
        null,
        1,
        6,
        6,
        4,
        null,
        2,
        2,
        2,
        null,
        null,
        null,
        1,
        4,
        4,
        3,
        null,
        null,
        1,
        1,
        null,
        null,
        null,
        1,
        2,
        2,
        null,
        null,
        1,
        null,
        1,
        0,
        0,
        null,
        null,
        1,
        13,
        null,
        null,
        null,
        null
      ],
      "/Users/hiro/.ghq/github.com/elzup/AtColor/app/serializers/v1/session_serializer.rb": [
        1,
        1,
        null,
        1,
        null,
        null,
        null
      ],
      "/Users/hiro/.ghq/github.com/elzup/AtColor/app/serializers/v1/user_serializer.rb": [
        1,
        1,
        null,
        1,
        null,
        1,
        null,
        null
      ],
      "/Users/hiro/.ghq/github.com/elzup/AtColor/app/models/dummy.rb": [
        0,
        0,
        0,
        0,
        0,
        0,
        0,
        0,
        0,
        0,
        0,
        0,
        0,
        0,
        0,
        0,
        0,
        0,
        0,
        0,
        0,
        0,
        0,
        0,
        0,
        0
      ],
      "/Users/hiro/.ghq/github.com/elzup/AtColor/app/models/idol.rb": [
        0,
        0,
        0,
        0,
        0,
        0,
        0,
        0,
        0,
        0,
        0,
        0
      ],
      "/Users/hiro/.ghq/github.com/elzup/AtColor/app/serializers/v1/question_serializer.rb": [
        0,
        0,
        0,
        0,
        0,
        0,
        0
      ],
      "/Users/hiro/.ghq/github.com/elzup/AtColor/app/serializers/v1/pixel_serializer.rb": [
        0,
        0,
        0,
        0,
        0,
        0,
        0
      ],
      "/Users/hiro/.ghq/github.com/elzup/AtColor/app/controllers/v1/pixels_controller.rb": [
        0,
        0,
        0,
        0,
        0,
        0,
        0,
        0,
        0,
        0,
        0,
        0,
        0,
        0,
        0,
        0,
        0,
        0,
        0,
        0,
        0,
        0,
        0,
        0,
        0,
        0,
        0
      ],
      "/Users/hiro/.ghq/github.com/elzup/AtColor/app/controllers/v1/questions_controller.rb": [
        0,
        0,
        0,
        0,
        0,
        0,
        0,
        0,
        0,
        0,
        0,
        0,
        0,
        0,
        0,
        0,
        0,
        0,
        0,
        0,
        0,
        0,
        0,
        0,
        0,
        0,
        0,
        0,
        0,
        0,
        0,
        0,
        0,
        0,
        0,
        0,
        0,
        0,
        0,
        0,
        0,
        0,
        0,
        0,
        0,
        0,
        0,
        0,
        0,
        0,
        0,
        0,
        0,
        0,
        0,
        0,
        0,
        0,
        0,
        0,
        0,
        0,
        0,
        0,
        0,
        0,
        0,
        0,
        0,
        0,
        0,
        0,
        0,
        0,
        0,
        0,
        0,
        0,
        0,
        0,
        0,
        0,
        0,
        0,
        0,
        0,
        0,
        0,
        0,
        0,
        0,
        0,
        0,
        0,
        0,
        0,
        0,
        0,
        0,
        0,
        0,
        0,
        0,
        0,
        0,
        0,
        0,
        0,
        0,
        0,
        0,
        0,
        0,
        0,
        0,
        0,
        0,
        0,
        0,
        0,
        0,
        0,
        0,
        0,
        0,
        0,
        0,
        0,
        0,
        0,
        0,
        0,
        0
      ],
      "/Users/hiro/.ghq/github.com/elzup/AtColor/app/controllers/v1/users_controller.rb": [
        0,
        0,
        0,
        0,
        0,
        0,
        0,
        0,
        0,
        0,
        0,
        0,
        0,
        0,
        0,
        0,
        0,
        0,
        0,
        0,
        0,
        0,
        0,
        0,
        0,
        0,
        0,
        0,
        0,
        0,
        0,
        0,
        0,
        0,
        0,
        0,
        0,
        0
      ]
    },
    "timestamp": 1511268246
  }
}
