{
  "RSpec": {
    "coverage": {
      "/Users/hiro/.ghq/github.com/elzup/AtColor/app/admin/dashboard.rb": [
        0,
        0,
        0,
        0,
        0,
        0,
        0,
        0,
        0,
        0,
        0,
        0,
        0,
        0,
        0,
        0,
        0,
        0,
        0,
        0,
        0,
        0,
        0,
        0,
        0,
        0,
        0,
        0,
        0,
        0,
        0,
        0,
        0
      ],
      "/Users/hiro/.ghq/github.com/elzup/AtColor/app/admin/questions.rb": [
        0,
        0,
        0,
        0
      ],
      "/Users/hiro/.ghq/github.com/elzup/AtColor/app/admin/solvings.rb": [
        0,
        0,
        0,
        0
      ],
      "/Users/hiro/.ghq/github.com/elzup/AtColor/app/admin/admin_users.rb": [
        0,
        0,
        0,
        0,
        0,
        0,
        0,
        0,
        0,
        0,
        0,
        0,
        0,
        0,
        0,
        0,
        0,
        0,
        0,
        0,
        0,
        0,
        0,
        0,
        0,
        0,
        0,
        0
      ],
      "/Users/hiro/.ghq/github.com/elzup/AtColor/app/admin/pixels.rb": [
        0,
        0,
        0,
        0,
        0,
        0,
        0,
        0,
        0,
        0,
        0,
        0,
        0,
        0,
        0
      ],
      "/Users/hiro/.ghq/github.com/elzup/AtColor/app/admin/users.rb": [
        0,
        0,
        0,
        0,
        0,
        0,
        0,
        0,
        0,
        0,
        0,
        0,
        0,
        0,
        0
      ],
      "/Users/hiro/.ghq/github.com/elzup/AtColor/app/models/pixel.rb": [
        0,
        0,
        0
      ],
      "/Users/hiro/.ghq/github.com/elzup/AtColor/app/models/dummy.rb": [
        0,
        0,
        0,
        0,
        0,
        0,
        0,
        0,
        0,
        0,
        0,
        0,
        0,
        0,
        0,
        0,
        0,
        0,
        0,
        0,
        0,
        0,
        0,
        0,
        0,
        0
      ],
      "/Users/hiro/.ghq/github.com/elzup/AtColor/app/models/idol.rb": [
        0,
        0,
        0,
        0,
        0,
        0,
        0,
        0,
        0,
        0,
        0,
        0
      ],
      "/Users/hiro/.ghq/github.com/elzup/AtColor/app/models/question.rb": [
        0,
        0,
        0,
        0,
        0,
        0,
        0,
        0,
        0,
        0,
        0,
        0,
        0,
        0,
        0,
        0,
        0,
        0,
        0,
        0,
        0,
        0,
        0,
        0,
        0,
        0,
        0,
        0,
        0,
        0,
        0,
        0,
        0,
        0,
        0,
        0
      ],
      "/Users/hiro/.ghq/github.com/elzup/AtColor/app/models/solving.rb": [
        0,
        0,
        0,
        0
      ],
      "/Users/hiro/.ghq/github.com/elzup/AtColor/app/models/admin_user.rb": [
        0,
        0,
        0,
        0,
        0,
        0,
        0,
        0,
        0,
        0,
        0,
        0,
        0,
        0
      ],
      "/Users/hiro/.ghq/github.com/elzup/AtColor/app/models/application_record.rb": [
        0,
        0,
        0
      ],
      "/Users/hiro/.ghq/github.com/elzup/AtColor/app/models/user.rb": [
        0,
        0,
        0,
        0,
        0,
        0,
        0,
        0,
        0,
        0,
        0,
        0,
        0,
        0,
        0,
        0,
        0,
        0,
        0,
        0,
        0,
        0,
        0,
        0,
        0,
        0,
        0,
        0,
        0,
        0,
        0,
        0,
        0,
        0,
        0,
        0,
        0,
        0,
        0,
        0,
        0,
        0,
        0,
        0,
        0,
        0,
        0,
        0,
        0,
        0,
        0
      ],
      "/Users/hiro/.ghq/github.com/elzup/AtColor/app/serializers/v1/question_serializer.rb": [
        0,
        0,
        0,
        0,
        0,
        0,
        0
      ],
      "/Users/hiro/.ghq/github.com/elzup/AtColor/app/serializers/v1/user_serializer.rb": [
        0,
        0,
        0,
        0,
        0,
        0,
        0,
        0
      ],
      "/Users/hiro/.ghq/github.com/elzup/AtColor/app/serializers/v1/session_serializer.rb": [
        0,
        0,
        0,
        0,
        0,
        0,
        0
      ],
      "/Users/hiro/.ghq/github.com/elzup/AtColor/app/serializers/v1/pixel_serializer.rb": [
        0,
        0,
        0,
        0,
        0,
        0,
        0
      ],
      "/Users/hiro/.ghq/github.com/elzup/AtColor/app/controllers/v1/pixels_controller.rb": [
        0,
        0,
        0,
        0,
        0,
        0,
        0,
        0,
        0,
        0,
        0,
        0,
        0,
        0,
        0,
        0,
        0,
        0,
        0,
        0,
        0,
        0,
        0,
        0,
        0,
        0,
        0
      ],
      "/Users/hiro/.ghq/github.com/elzup/AtColor/app/controllers/v1/questions_controller.rb": [
        0,
        0,
        0,
        0,
        0,
        0,
        0,
        0,
        0,
        0,
        0,
        0,
        0,
        0,
        0,
        0,
        0,
        0,
        0,
        0,
        0,
        0,
        0,
        0,
        0,
        0,
        0,
        0,
        0,
        0,
        0,
        0,
        0,
        0,
        0,
        0,
        0,
        0,
        0,
        0,
        0,
        0,
        0,
        0,
        0,
        0,
        0,
        0,
        0,
        0,
        0,
        0,
        0,
        0,
        0,
        0,
        0,
        0,
        0,
        0,
        0,
        0,
        0,
        0,
        0,
        0,
        0,
        0,
        0,
        0,
        0,
        0,
        0,
        0,
        0,
        0,
        0,
        0,
        0,
        0,
        0,
        0,
        0,
        0,
        0,
        0,
        0,
        0,
        0,
        0,
        0,
        0,
        0,
        0,
        0,
        0,
        0,
        0,
        0,
        0,
        0,
        0,
        0,
        0,
        0,
        0,
        0,
        0,
        0,
        0,
        0,
        0,
        0,
        0,
        0,
        0,
        0,
        0,
        0,
        0,
        0,
        0,
        0,
        0,
        0,
        0,
        0,
        0,
        0,
        0,
        0,
        0,
        0
      ],
      "/Users/hiro/.ghq/github.com/elzup/AtColor/app/controllers/v1/users_controller.rb": [
        0,
        0,
        0,
        0,
        0,
        0,
        0,
        0,
        0,
        0,
        0,
        0,
        0,
        0,
        0,
        0,
        0,
        0,
        0,
        0,
        0,
        0,
        0,
        0,
        0,
        0,
        0,
        0,
        0,
        0,
        0,
        0,
        0,
        0,
        0,
        0,
        0,
        0
      ],
      "/Users/hiro/.ghq/github.com/elzup/AtColor/app/controllers/v1/sessions_controller.rb": [
        0,
        0,
        0,
        0,
        0,
        0,
        0,
        0,
        0,
        0,
        0,
        0,
        0,
        0,
        0,
        0,
        0,
        0,
        0,
        0,
        0,
        0,
        0,
        0,
        0,
        0,
        0,
        0,
        0,
        0,
        0,
        0,
        0,
        0,
        0,
        0,
        0,
        0,
        0,
        0,
        0,
        0,
        0,
        0,
        0,
        0
      ],
      "/Users/hiro/.ghq/github.com/elzup/AtColor/app/controllers/application_controller.rb": [
        0,
        0,
        0,
        0,
        0,
        0,
        0,
        0,
        0,
        0,
        0,
        0,
        0,
        0,
        0,
        0,
        0,
        0,
        0,
        0,
        0,
        0,
        0,
        0,
        0,
        0,
        0,
        0,
        0,
        0,
        0,
        0,
        0,
        0,
        0,
        0,
        0,
        0,
        0,
        0,
        0,
        0,
        0,
        0,
        0,
        0,
        0,
        0,
        0,
        0,
        0,
        0,
        0,
        0,
        0,
        0,
        0,
        0,
        0,
        0,
        0,
        0,
        0,
        0,
        0,
        0,
        0,
        0,
        0,
        0,
        0
      ],
      "/Users/hiro/.ghq/github.com/elzup/AtColor/app/helpers/application_helper.rb": [
        0,
        0
      ]
    },
    "timestamp": 1510917812
  }
}
